# JRE version: Java(TM) SE Runtime Environment (20.0.2+9) (build 20.0.2+9-78)
# Java VM: Java HotSpot(TM) 64-Bit Server VM (20.0.2+9-78, mixed mode, sharing, tiered, compressed oops, compressed class ptrs, g1 gc, windows-amd64)
GC Precious Log:
 CardTable entry size: 512
 Card Set container configuration: InlinePtr #cards 5 size 8 Array Of Cards #cards 12 size 40 Howl #buckets 4 coarsen threshold 1843 Howl Bitmap #cards 512 size 80 coarsen threshold 460 Card regions per heap region 1 cards per card region 2048
 CPUs: 8 total, 8 available
 Memory: 16194M
 Large Page Support: Disabled
 NUMA Support: Disabled
 Compressed Oops: Enabled (32-bit)
 Heap Region Size: 1M
 Heap Min Capacity: 8M
 Heap Initial Capacity: 254M
 Heap Max Capacity: 2G
 Pre-touch: Disabled
 Parallel Workers: 8
 Concurrent Workers: 2
 Concurrent Refinement Workers: 8
 Periodic GC: Disabled
Heap:
 garbage-first heap   total 413696K, used 289772K [0x0000000080000000, 0x0000000100000000)
  region size 1024K, 47 young (48128K), 3 survivors (3072K)
 Metaspace       used 113728K, committed 116416K, reserved 552960K
  class space    used 15823K, committed 17088K, reserved 421888K
GC Heap History (20 events):
Event: 12.331 GC heap before
{Heap before GC invocations=35 (full 0):
 garbage-first heap   total 318464K, used 190141K [0x0000000080000000, 0x0000000100000000)
  region size 1024K, 28 young (28672K), 4 survivors (4096K)
 Metaspace       used 101794K, committed 104384K, reserved 552960K
  class space    used 14290K, committed 15552K, reserved 421888K
}
Event: 12.335 GC heap after
{Heap after GC invocations=36 (full 0):
 garbage-first heap   total 318464K, used 170421K [0x0000000080000000, 0x0000000100000000)
  region size 1024K, 9 young (9216K), 9 survivors (9216K)
 Metaspace       used 101794K, committed 104384K, reserved 552960K
  class space    used 14290K, committed 15552K, reserved 421888K
}
Event: 12.837 GC heap before
{Heap before GC invocations=37 (full 0):
 garbage-first heap   total 318464K, used 274869K [0x0000000080000000, 0x0000000100000000)
  region size 1024K, 108 young (110592K), 9 survivors (9216K)
 Metaspace       used 106296K, committed 108928K, reserved 552960K
  class space    used 14910K, committed 16128K, reserved 421888K
}
Event: 12.843 GC heap after
{Heap after GC invocations=38 (full 0):
 garbage-first heap   total 318464K, used 186963K [0x0000000080000000, 0x0000000100000000)
  region size 1024K, 14 young (14336K), 14 survivors (14336K)
 Metaspace       used 106296K, committed 108928K, reserved 552960K
  class space    used 14910K, committed 16128K, reserved 421888K
}
Event: 13.240 GC heap before
{Heap before GC invocations=38 (full 0):
 garbage-first heap   total 318464K, used 278099K [0x0000000080000000, 0x0000000100000000)
  region size 1024K, 103 young (105472K), 14 survivors (14336K)
 Metaspace       used 107284K, committed 109952K, reserved 552960K
  class space    used 14991K, committed 16256K, reserved 421888K
}
Event: 13.249 GC heap after
{Heap after GC invocations=39 (full 0):
 garbage-first heap   total 318464K, used 199893K [0x0000000080000000, 0x0000000100000000)
  region size 1024K, 13 young (13312K), 13 survivors (13312K)
 Metaspace       used 107284K, committed 109952K, reserved 552960K
  class space    used 14991K, committed 16256K, reserved 421888K
}
Event: 13.541 GC heap before
{Heap before GC invocations=39 (full 0):
 garbage-first heap   total 318464K, used 281813K [0x0000000080000000, 0x0000000100000000)
  region size 1024K, 94 young (96256K), 13 survivors (13312K)
 Metaspace       used 108429K, committed 111104K, reserved 552960K
  class space    used 15168K, committed 16448K, reserved 421888K
}
Event: 13.548 GC heap after
{Heap after GC invocations=40 (full 0):
 garbage-first heap   total 318464K, used 207694K [0x0000000080000000, 0x0000000100000000)
  region size 1024K, 8 young (8192K), 8 survivors (8192K)
 Metaspace       used 108429K, committed 111104K, reserved 552960K
  class space    used 15168K, committed 16448K, reserved 421888K
}
Event: 13.833 GC heap before
{Heap before GC invocations=41 (full 0):
 garbage-first heap   total 382976K, used 286542K [0x0000000080000000, 0x0000000100000000)
  region size 1024K, 86 young (88064K), 8 survivors (8192K)
 Metaspace       used 108877K, committed 111488K, reserved 552960K
  class space    used 15215K, committed 16448K, reserved 421888K
}
Event: 13.838 GC heap after
{Heap after GC invocations=42 (full 0):
 garbage-first heap   total 382976K, used 214059K [0x0000000080000000, 0x0000000100000000)
  region size 1024K, 8 young (8192K), 8 survivors (8192K)
 Metaspace       used 108877K, committed 111488K, reserved 552960K
  class space    used 15215K, committed 16448K, reserved 421888K
}
Event: 14.223 GC heap before
{Heap before GC invocations=42 (full 0):
 garbage-first heap   total 382976K, used 347179K [0x0000000080000000, 0x0000000100000000)
  region size 1024K, 127 young (130048K), 8 survivors (8192K)
 Metaspace       used 109112K, committed 111680K, reserved 552960K
  class space    used 15227K, committed 16448K, reserved 421888K
}
Event: 14.230 GC heap after
{Heap after GC invocations=43 (full 0):
 garbage-first heap   total 382976K, used 226026K [0x0000000080000000, 0x0000000100000000)
  region size 1024K, 16 young (16384K), 16 survivors (16384K)
 Metaspace       used 109112K, committed 111680K, reserved 552960K
  class space    used 15227K, committed 16448K, reserved 421888K
}
Event: 14.265 GC heap before
{Heap before GC invocations=43 (full 0):
 garbage-first heap   total 382976K, used 240362K [0x0000000080000000, 0x0000000100000000)
  region size 1024K, 32 young (32768K), 16 survivors (16384K)
 Metaspace       used 109120K, committed 111680K, reserved 552960K
  class space    used 15227K, committed 16448K, reserved 421888K
}
Event: 14.269 GC heap after
{Heap after GC invocations=44 (full 0):
 garbage-first heap   total 382976K, used 224367K [0x0000000080000000, 0x0000000100000000)
  region size 1024K, 3 young (3072K), 3 survivors (3072K)
 Metaspace       used 109120K, committed 111680K, reserved 552960K
  class space    used 15227K, committed 16448K, reserved 421888K
}
Event: 14.833 GC heap before
{Heap before GC invocations=45 (full 0):
 garbage-first heap   total 413696K, used 356463K [0x0000000080000000, 0x0000000100000000)
  region size 1024K, 121 young (123904K), 3 survivors (3072K)
 Metaspace       used 109378K, committed 112064K, reserved 552960K
  class space    used 15244K, committed 16512K, reserved 421888K
}
Event: 14.838 GC heap after
{Heap after GC invocations=46 (full 0):
 garbage-first heap   total 413696K, used 231363K [0x0000000080000000, 0x0000000100000000)
  region size 1024K, 10 young (10240K), 10 survivors (10240K)
 Metaspace       used 109378K, committed 112064K, reserved 552960K
  class space    used 15244K, committed 16512K, reserved 421888K
}
Event: 15.426 GC heap before
{Heap before GC invocations=46 (full 0):
 garbage-first heap   total 413696K, used 381891K [0x0000000080000000, 0x0000000100000000)
  region size 1024K, 150 young (153600K), 10 survivors (10240K)
 Metaspace       used 113112K, committed 115840K, reserved 552960K
  class space    used 15730K, committed 17024K, reserved 421888K
}
Event: 15.434 GC heap after
{Heap after GC invocations=47 (full 0):
 garbage-first heap   total 413696K, used 238592K [0x0000000080000000, 0x0000000100000000)
  region size 1024K, 19 young (19456K), 19 survivors (19456K)
 Metaspace       used 113112K, committed 115840K, reserved 552960K
  class space    used 15730K, committed 17024K, reserved 421888K
}
Event: 15.526 GC heap before
{Heap before GC invocations=47 (full 0):
 garbage-first heap   total 413696K, used 262144K [0x0000000080000000, 0x0000000100000000)
  region size 1024K, 43 young (44032K), 19 survivors (19456K)
 Metaspace       used 113290K, committed 115968K, reserved 552960K
  class space    used 15761K, committed 17024K, reserved 421888K
}
Event: 15.534 GC heap after
{Heap after GC invocations=48 (full 0):
 garbage-first heap   total 413696K, used 242668K [0x0000000080000000, 0x0000000100000000)
  region size 1024K, 3 young (3072K), 3 survivors (3072K)
 Metaspace       used 113290K, committed 115968K, reserved 552960K
  class space    used 15761K, committed 17024K, reserved 421888K
}

